---------------------------------------------------------------
[ 2018-01-15T16:23:06+08:00 ] 127.0.0.1 GET /
[ info ] 127.0.0.1/ [运行时间：0.329954s][吞吐率：3.03req/s] [内存消耗：1,089.07kb] [文件加载：28]
[ info ] [ LANG ] C:\wamp64\www\09juchang\thinkphp\lang\zh-cn.php
[ info ] [ ROUTE ] array (
  'type' => 'module',
  'module' => 
  array (
    0 => '',
    1 => NULL,
    2 => NULL,
  ),
)
[ info ] [ HEADER ] array (
  'host' => '127.0.0.1',
  'connection' => 'keep-alive',
  'upgrade-insecure-requests' => '1',
  'user-agent' => 'Mozilla/5.0 (Windows NT 10.0; Win64; x64) AppleWebKit/537.36 (KHTML, like Gecko) Chrome/65.0.3298.4 Safari/537.36',
  'accept' => 'text/html,application/xhtml+xml,application/xml;q=0.9,image/webp,image/apng,*/*;q=0.8',
  'accept-encoding' => 'gzip, deflate, br',
  'accept-language' => 'zh-CN,zh;q=0.9',
)
[ info ] [ PARAM ] array (
)
[ info ] [ RUN ] app\index\controller\Index->index[ C:\wamp64\www\09juchang\application\index\controller\Index.php ]
[ info ] [ LOG ] INIT File
---------------------------------------------------------------
[ 2018-01-15T16:23:13+08:00 ] 0.0.0.0 GET /09juchang/
[ info ] localhost/09juchang/ [运行时间：0.018274s][吞吐率：54.72req/s] [内存消耗：1,089.20kb] [文件加载：28]
[ info ] [ LANG ] C:\wamp64\www\09juchang\thinkphp\lang\zh-cn.php
[ info ] [ ROUTE ] array (
  'type' => 'module',
  'module' => 
  array (
    0 => '',
    1 => NULL,
    2 => NULL,
  ),
)
[ info ] [ HEADER ] array (
  'host' => 'localhost',
  'connection' => 'keep-alive',
  'upgrade-insecure-requests' => '1',
  'user-agent' => 'Mozilla/5.0 (Windows NT 10.0; Win64; x64) AppleWebKit/537.36 (KHTML, like Gecko) Chrome/65.0.3298.4 Safari/537.36',
  'accept' => 'text/html,application/xhtml+xml,application/xml;q=0.9,image/webp,image/apng,*/*;q=0.8',
  'referer' => 'http://localhost/',
  'accept-encoding' => 'gzip, deflate, br',
  'accept-language' => 'zh-CN,zh;q=0.9',
)
[ info ] [ PARAM ] array (
)
[ info ] [ RUN ] app\index\controller\Index->index[ C:\wamp64\www\09juchang\application\index\controller\Index.php ]
[ info ] [ LOG ] INIT File
---------------------------------------------------------------
[ 2018-01-15T16:23:29+08:00 ] 0.0.0.0 GET /09juchang/
[ info ] localhost/09juchang/ [运行时间：0.018359s][吞吐率：54.47req/s] [内存消耗：1,089.20kb] [文件加载：28]
[ info ] [ LANG ] C:\wamp64\www\09juchang\thinkphp\lang\zh-cn.php
[ info ] [ ROUTE ] array (
  'type' => 'module',
  'module' => 
  array (
    0 => '',
    1 => NULL,
    2 => NULL,
  ),
)
[ info ] [ HEADER ] array (
  'host' => 'localhost',
  'connection' => 'keep-alive',
  'upgrade-insecure-requests' => '1',
  'user-agent' => 'Mozilla/5.0 (Windows NT 10.0; Win64; x64) AppleWebKit/537.36 (KHTML, like Gecko) Chrome/65.0.3298.4 Safari/537.36',
  'accept' => 'text/html,application/xhtml+xml,application/xml;q=0.9,image/webp,image/apng,*/*;q=0.8',
  'referer' => 'http://localhost/',
  'accept-encoding' => 'gzip, deflate, br',
  'accept-language' => 'zh-CN,zh;q=0.9',
)
[ info ] [ PARAM ] array (
)
[ info ] [ RUN ] app\index\controller\Index->index[ C:\wamp64\www\09juchang\application\index\controller\Index.php ]
[ info ] [ LOG ] INIT File
---------------------------------------------------------------
[ 2018-01-15T16:23:35+08:00 ] 0.0.0.0 GET /09juchang/weichat.php
[ info ] localhost/09juchang/weichat.php [运行时间：0.378467s][吞吐率：2.64req/s] [内存消耗：2,518.20kb] [文件加载：45]
[ info ] [ LANG ] C:\wamp64\www\09juchang\thinkphp\lang\zh-cn.php
[ info ] [ BIND ] 'weichat'
[ info ] [ ROUTE ] array (
  'type' => 'module',
  'module' => 
  array (
    0 => 'weichat',
    1 => NULL,
    2 => NULL,
  ),
)
[ info ] [ HEADER ] array (
  'host' => 'localhost',
  'connection' => 'keep-alive',
  'upgrade-insecure-requests' => '1',
  'user-agent' => 'Mozilla/5.0 (Windows NT 10.0; Win64; x64) AppleWebKit/537.36 (KHTML, like Gecko) Chrome/65.0.3298.4 Safari/537.36',
  'accept' => 'text/html,application/xhtml+xml,application/xml;q=0.9,image/webp,image/apng,*/*;q=0.8',
  'accept-encoding' => 'gzip, deflate, br',
  'accept-language' => 'zh-CN,zh;q=0.9',
)
[ info ] [ PARAM ] array (
)
[ info ] [ RUN ] app\weichat\controller\Index->index[ C:\wamp64\www\09juchang\application\weichat\controller\Index.php ]
[ info ] [ DB ] INIT mysql
[ info ] [ VIEW ] C:\wamp64\www\09juchang/./application/weichat\view\index\index.html [ array (
  0 => 'data',
) ]
[ info ] [ LOG ] INIT File
[ sql ] [ DB ] CONNECT:[ UseTime:0.014929s ] mysql:host=127.0.0.1;port=3306;dbname=jungejushuo;charset=utf8
[ sql ] [ SQL ] SHOW COLUMNS FROM `perform_shower` [ RunTime:0.006698s ]
[ sql ] [ SQL ] SELECT `a`.`show_id`,`b`.`show_title`,`b`.`show_time`,`b`.`show_img_path`,group_concat(c.shower_name) as shower_name FROM `perform_shower` `a` INNER JOIN `perform` `b` ON `a`.`show_id`=`b`.`show_id` INNER JOIN `shower` `c` ON `a`.`shower_id`=`c`.`shower_id` GROUP BY a.show_id,b.show_title,b.show_time,b.show_img_path [ RunTime:0.015082s ]
